SF:lib/core/config/app_config.dart
DA:7,1
DA:9,0
DA:10,0
DA:42,6
DA:62,0
DA:63,0
DA:122,0
DA:127,5
DA:128,5
DA:129,5
DA:130,5
DA:131,1
DA:136,5
DA:137,10
DA:138,5
DA:139,4
DA:143,5
DA:144,5
DA:145,5
DA:146,5
DA:147,5
DA:148,5
DA:149,5
DA:150,5
DA:151,5
DA:152,5
DA:153,5
DA:154,10
DA:156,0
DA:157,10
DA:159,0
DA:160,10
DA:162,0
DA:163,5
DA:164,5
LF:35
LH:27
end_of_record
SF:lib/core/blockchain/icp_service.dart
DA:15,7
DA:23,2
DA:24,1
DA:25,1
DA:26,1
DA:27,1
DA:28,1
DA:31,2
DA:34,1
DA:35,3
DA:36,3
DA:37,3
DA:38,3
DA:39,3
DA:40,3
DA:42,0
DA:44,0
DA:45,0
DA:46,0
DA:47,0
DA:48,0
DA:60,4
DA:69,4
DA:71,4
DA:72,4
DA:73,4
DA:79,8
DA:80,8
DA:81,8
DA:82,8
DA:84,4
DA:87,2
DA:88,2
DA:89,2
DA:90,2
DA:92,2
DA:96,2
DA:97,2
DA:99,2
DA:103,2
DA:108,4
DA:111,4
DA:117,0
DA:118,0
DA:119,0
DA:123,0
DA:132,4
DA:133,4
DA:134,2
DA:139,4
DA:143,1
DA:148,2
DA:154,1
DA:158,2
DA:160,2
DA:161,1
DA:165,1
DA:166,2
DA:169,0
DA:171,0
DA:172,0
DA:174,0
DA:176,2
DA:178,1
DA:181,2
DA:183,2
DA:188,0
DA:192,1
DA:196,2
DA:198,2
DA:199,1
DA:204,2
DA:209,0
DA:210,0
DA:211,0
DA:212,0
DA:213,0
DA:215,0
DA:224,2
DA:227,1
DA:228,3
DA:229,1
DA:234,2
DA:239,0
DA:240,0
DA:245,0
DA:251,0
DA:254,0
DA:256,0
DA:262,0
DA:268,2
DA:271,2
DA:272,2
DA:273,6
DA:277,2
DA:279,6
DA:283,10
DA:284,8
DA:285,2
DA:288,2
DA:289,2
DA:290,4
DA:291,2
DA:292,2
DA:296,4
LF:105
LH:77
end_of_record
SF:lib/core/blockchain/errors.dart
DA:9,6
DA:11,12
DA:12,6
DA:14,12
DA:15,4
DA:17,12
DA:18,6
DA:25,0
DA:34,2
DA:36,2
DA:39,2
DA:42,1
DA:43,1
DA:44,1
DA:49,2
DA:50,1
DA:51,1
DA:52,1
DA:55,2
DA:58,1
DA:59,1
LF:21
LH:20
end_of_record
SF:lib/core/logger/logger.dart
DA:17,7
DA:19,7
DA:21,7
DA:23,7
DA:25,6
DA:35,18
DA:37,9
DA:44,1
DA:48,1
DA:49,1
DA:51,1
DA:54,0
DA:55,0
DA:58,0
DA:59,0
DA:60,0
DA:64,0
DA:65,0
DA:66,0
DA:70,0
DA:71,0
DA:72,0
DA:74,0
DA:81,6
DA:87,6
DA:97,2
DA:103,2
DA:113,5
DA:119,5
DA:129,6
DA:135,6
DA:144,7
DA:151,28
DA:155,14
DA:158,14
DA:161,7
DA:164,14
DA:170,7
DA:171,0
DA:175,0
DA:181,0
DA:182,0
DA:184,0
DA:185,0
DA:188,0
DA:192,0
DA:193,0
DA:194,0
DA:195,0
DA:198,0
DA:201,0
DA:204,0
DA:205,0
DA:207,0
DA:213,0
DA:214,0
DA:216,0
DA:217,0
DA:219,0
DA:226,12
LF:60
LH:27
end_of_record
SF:lib/shared/utils/validators.dart
DA:10,5
DA:17,8
DA:20,5
DA:23,5
DA:30,5
DA:33,3
DA:38,3
DA:46,1
DA:47,2
DA:49,2
DA:56,2
DA:59,2
DA:67,2
DA:74,2
DA:79,1
DA:80,2
DA:89,3
DA:90,3
DA:91,3
DA:92,3
DA:95,1
DA:96,2
DA:98,1
DA:105,1
DA:108,2
DA:109,1
DA:112,2
DA:113,0
DA:117,2
DA:118,1
DA:121,2
DA:122,1
DA:125,2
DA:126,1
DA:129,2
DA:130,1
DA:133,1
DA:134,1
DA:136,2
DA:140,2
DA:145,1
DA:148,2
DA:149,1
DA:151,2
DA:152,2
DA:153,1
DA:155,2
DA:156,1
DA:158,2
DA:159,1
DA:166,1
DA:168,1
DA:169,1
DA:171,1
DA:173,1
DA:175,1
DA:186,1
DA:193,2
DA:194,1
DA:198,2
DA:200,1
DA:201,2
DA:202,3
DA:208,1
DA:210,2
DA:211,1
DA:212,2
DA:213,1
DA:214,1
DA:215,1
DA:220,2
DA:221,1
DA:222,2
DA:223,1
DA:224,1
DA:225,1
DA:234,1
DA:235,1
DA:239,1
DA:245,2
DA:246,0
DA:247,0
DA:248,0
DA:252,2
DA:253,1
DA:254,1
DA:255,2
DA:266,1
DA:273,2
DA:274,1
DA:280,0
DA:281,0
DA:282,0
DA:288,1
DA:289,1
DA:290,2
DA:291,1
DA:292,2
DA:297,1
DA:298,1
DA:299,2
DA:300,1
DA:301,2
DA:310,1
DA:312,0
DA:313,0
DA:314,0
DA:318,1
DA:319,1
DA:320,2
DA:321,3
DA:329,1
DA:335,2
DA:336,1
DA:337,2
DA:338,3
DA:342,2
DA:344,1
DA:345,2
DA:346,1
DA:347,2
DA:352,1
DA:356,1
DA:363,2
DA:364,0
DA:365,0
DA:366,0
DA:370,2
DA:372,1
DA:373,2
DA:374,1
DA:375,2
DA:382,2
DA:383,5
DA:384,1
DA:385,2
DA:386,1
DA:387,1
DA:388,1
DA:394,1
DA:401,1
DA:405,2
DA:407,1
DA:408,1
DA:411,1
DA:412,1
DA:413,2
DA:414,2
DA:418,2
DA:419,1
DA:420,1
DA:423,1
DA:424,2
DA:425,2
DA:428,1
DA:431,2
DA:436,1
DA:443,2
DA:445,1
DA:446,1
DA:449,1
DA:450,1
DA:451,0
DA:452,0
DA:456,1
DA:457,1
DA:458,2
DA:459,2
DA:463,1
DA:464,1
DA:465,1
DA:470,1
DA:477,1
DA:478,0
DA:479,0
DA:484,1
DA:491,1
DA:492,0
DA:493,0
DA:497,1
DA:498,2
DA:499,2
DA:502,1
DA:505,2
DA:513,1
DA:514,2
DA:518,1
DA:519,2
DA:520,2
DA:521,2
DA:522,2
DA:526,1
DA:529,1
DA:538,2
DA:539,2
DA:540,2
DA:541,1
DA:543,1
DA:545,1
DA:546,2
DA:547,1
DA:548,2
LF:202
LH:183
end_of_record
SF:lib/core/blockchain/blockchain_service.dart
DA:12,4
DA:19,4
DA:22,2
DA:30,4
DA:32,4
DA:33,2
DA:37,4
DA:39,4
DA:40,2
DA:41,2
DA:46,0
DA:47,0
DA:48,0
DA:49,0
DA:54,0
DA:57,4
DA:58,2
DA:67,2
DA:68,0
DA:70,6
DA:74,0
DA:76,0
DA:77,0
DA:82,2
DA:87,2
DA:88,2
DA:90,2
DA:94,1
DA:99,2
DA:100,0
DA:101,0
DA:102,0
DA:103,0
DA:106,1
DA:107,1
DA:109,1
DA:113,1
DA:115,1
DA:116,1
DA:118,1
DA:123,2
DA:124,1
DA:134,0
DA:142,0
DA:143,0
DA:145,0
DA:156,0
DA:158,0
DA:159,0
DA:161,0
DA:165,0
DA:166,0
DA:174,0
DA:183,0
DA:184,0
DA:185,0
DA:186,0
DA:187,0
DA:188,0
DA:189,0
DA:191,0
DA:192,0
DA:194,0
DA:198,0
DA:208,0
DA:209,0
DA:210,0
DA:211,0
DA:212,0
DA:213,0
DA:214,0
DA:216,0
DA:217,0
DA:219,0
DA:224,0
DA:226,0
DA:227,0
DA:229,0
DA:232,0
DA:234,0
DA:235,0
DA:239,0
DA:245,0
DA:253,0
DA:254,0
DA:256,0
DA:267,0
DA:272,0
DA:273,0
DA:275,0
DA:283,0
DA:287,0
DA:288,0
DA:290,0
DA:294,0
DA:296,0
DA:297,0
DA:299,0
DA:303,0
DA:304,0
DA:312,0
DA:314,0
DA:315,0
DA:317,0
DA:320,0
DA:322,0
DA:323,0
DA:327,0
DA:333,0
DA:335,0
DA:336,0
DA:338,0
DA:342,0
DA:343,0
DA:351,0
DA:357,0
DA:358,0
DA:360,0
DA:368,0
DA:369,0
DA:377,0
DA:379,0
DA:380,0
DA:384,0
DA:386,0
DA:391,0
DA:395,0
DA:397,0
DA:398,0
DA:403,0
DA:404,0
DA:405,0
DA:406,0
DA:407,0
DA:408,0
DA:413,0
DA:418,0
DA:423,0
DA:426,0
DA:427,0
DA:430,0
DA:435,0
LF:142
LH:29
end_of_record
SF:lib/core/config/environment_config.dart
DA:13,4
DA:16,0
DA:50,2
DA:51,2
DA:52,2
DA:53,2
DA:54,0
DA:55,0
DA:62,2
DA:63,2
LF:10
LH:7
end_of_record
SF:lib/features/auth/cubit/auth_state.dart
DA:4,8
DA:13,8
DA:17,4
DA:21,4
DA:26,3
LF:5
LH:5
end_of_record
SF:lib/features/auth/cubit/auth_cubit.dart
DA:9,7
DA:11,14
DA:15,3
DA:20,6
DA:21,6
DA:22,6
DA:27,3
DA:28,9
DA:30,3
DA:34,1
DA:38,2
DA:39,2
DA:40,2
DA:44,1
DA:45,3
DA:47,3
DA:51,2
DA:55,4
DA:56,4
DA:57,4
DA:61,2
DA:62,6
DA:64,3
DA:68,1
DA:69,2
DA:70,2
DA:73,1
DA:74,2
DA:76,2
DA:78,2
DA:82,0
DA:83,0
LF:32
LH:30
end_of_record
SF:lib/features/auth/providers/auth_service_provider.dart
DA:35,2
DA:37,1
DA:43,2
DA:48,1
DA:49,2
DA:54,1
DA:59,2
DA:63,1
DA:64,2
DA:69,1
DA:74,2
DA:78,1
DA:79,2
DA:84,0
DA:88,0
DA:91,1
DA:93,1
DA:94,1
DA:97,1
DA:99,1
DA:100,1
DA:103,1
DA:104,1
DA:105,1
DA:106,1
DA:107,1
DA:108,1
DA:109,1
DA:113,1
DA:120,1
DA:121,1
DA:122,2
DA:123,1
LF:33
LH:31
end_of_record
SF:lib/core/error/domain_errors.dart
DA:3,3
DA:9,0
DA:11,0
DA:29,3
DA:34,3
DA:38,4
DA:44,2
DA:50,0
DA:56,0
DA:62,0
DA:68,2
DA:74,0
DA:80,0
DA:86,0
DA:92,0
DA:98,2
DA:117,2
DA:122,2
DA:126,4
DA:132,0
DA:138,1
DA:139,1
DA:143,1
DA:146,0
DA:152,0
DA:158,0
DA:164,0
DA:175,2
DA:181,2
DA:186,2
DA:187,2
DA:190,2
DA:194,1
DA:195,1
DA:198,1
DA:202,0
DA:203,0
DA:206,0
DA:210,0
DA:211,0
DA:214,0
DA:218,0
DA:222,0
DA:232,2
DA:234,2
DA:235,2
DA:240,1
DA:241,1
DA:246,0
DA:247,0
DA:252,0
DA:253,0
LF:52
LH:26
end_of_record
SF:lib/core/error/result.dart
DA:6,1
DA:9,2
DA:12,2
DA:15,0
DA:17,0
DA:18,0
DA:23,0
DA:25,0
DA:26,0
DA:31,1
DA:33,2
DA:34,1
DA:39,1
DA:41,1
DA:42,2
DA:47,1
DA:49,4
DA:50,3
DA:55,1
DA:57,3
DA:58,3
DA:63,0
DA:65,0
DA:66,0
DA:71,1
DA:76,3
DA:77,3
DA:82,1
DA:83,2
DA:84,1
DA:90,1
DA:91,2
DA:92,1
DA:98,2
DA:101,2
DA:104,1
DA:106,2
DA:107,1
DA:108,1
DA:111,1
DA:112,1
DA:113,2
DA:115,1
DA:116,1
DA:117,1
DA:125,0
DA:129,0
DA:130,0
DA:131,0
DA:132,0
DA:135,0
DA:136,0
DA:137,0
DA:139,0
DA:140,0
DA:141,0
DA:151,1
DA:156,0
DA:158,0
DA:160,0
DA:161,0
DA:163,0
DA:164,0
DA:169,1
DA:174,0
DA:176,0
DA:178,0
DA:179,0
DA:181,0
DA:182,0
DA:188,1
DA:190,2
DA:191,1
DA:196,1
DA:198,2
DA:199,2
DA:204,2
DA:210,0
DA:213,0
DA:214,0
DA:219,0
DA:224,0
DA:225,0
LF:83
LH:45
end_of_record
SF:lib/core/i18n/locale_controller.dart
DA:11,0
DA:12,3
DA:14,1
DA:15,1
DA:18,1
DA:19,1
DA:20,1
DA:21,1
DA:22,3
DA:25,1
DA:26,2
DA:27,1
DA:29,1
DA:31,2
LF:14
LH:13
end_of_record
SF:lib/core/auth/auth_guard.dart
DA:12,1
DA:21,3
DA:24,1
DA:25,4
DA:28,1
DA:29,4
DA:32,1
DA:33,1
DA:34,3
DA:38,2
DA:39,1
DA:40,1
DA:41,2
DA:42,1
DA:43,1
DA:47,2
DA:48,1
DA:49,1
DA:50,1
DA:51,2
DA:53,2
DA:54,2
DA:57,0
DA:58,0
DA:60,1
DA:63,0
DA:64,0
DA:65,0
DA:66,0
DA:68,0
DA:69,0
DA:78,1
DA:81,1
DA:82,1
DA:85,1
DA:86,2
DA:87,2
DA:91,1
DA:95,1
DA:96,2
DA:102,1
DA:107,3
DA:110,1
DA:116,1
DA:117,1
DA:120,3
DA:121,2
DA:124,4
DA:127,2
DA:128,2
DA:129,1
DA:136,1
DA:138,2
DA:139,2
DA:146,1
DA:147,2
DA:148,4
DA:149,1
DA:151,2
DA:152,2
DA:155,2
DA:156,1
DA:162,1
DA:163,2
DA:164,2
DA:203,1
DA:210,1
DA:214,2
DA:222,1
DA:228,1
DA:229,1
DA:231,3
DA:237,1
DA:238,1
DA:239,2
DA:240,1
DA:243,1
DA:246,2
DA:247,1
DA:253,1
DA:254,1
DA:257,1
DA:259,2
DA:260,2
DA:268,1
DA:269,1
DA:271,1
DA:272,2
DA:273,1
DA:276,1
DA:277,1
DA:281,2
DA:282,1
DA:288,1
DA:289,1
DA:292,1
DA:294,2
DA:295,2
DA:303,1
DA:304,1
DA:306,1
DA:307,2
DA:308,1
DA:311,1
DA:312,2
DA:316,2
DA:317,1
DA:323,1
DA:325,2
DA:330,1
DA:332,1
DA:334,1
DA:335,1
DA:337,1
DA:338,1
DA:345,3
DA:351,1
DA:353,1
DA:354,1
DA:358,1
DA:360,1
DA:362,1
DA:363,1
DA:365,1
DA:366,1
DA:368,0
DA:369,0
DA:371,0
DA:373,0
DA:380,2
DA:381,1
DA:387,1
DA:388,1
DA:389,1
DA:393,1
DA:394,1
DA:395,1
DA:397,2
DA:398,1
DA:400,1
DA:404,1
DA:405,1
DA:407,1
DA:408,2
DA:409,2
DA:412,1
DA:413,1
DA:418,0
DA:419,0
DA:420,0
DA:431,1
DA:439,2
DA:440,1
DA:445,1
DA:449,1
DA:450,0
DA:451,0
DA:455,1
DA:458,2
DA:459,1
DA:466,2
DA:467,1
DA:481,1
DA:491,3
DA:495,1
DA:501,2
DA:502,2
DA:503,1
LF:168
LH:151
end_of_record
SF:lib/core/security/security_logger.dart
DA:35,1
DA:49,1
DA:54,1
DA:58,1
DA:60,1
DA:64,1
DA:70,1
DA:75,1
DA:77,1
DA:81,1
DA:87,1
DA:91,1
DA:94,1
DA:98,1
DA:105,1
DA:109,1
DA:111,1
DA:112,1
DA:113,1
DA:114,1
DA:119,1
DA:125,1
DA:129,1
DA:130,1
DA:131,1
DA:132,1
DA:133,1
DA:134,1
DA:139,1
DA:147,1
DA:151,1
DA:154,2
DA:155,1
DA:156,1
DA:157,1
DA:158,1
DA:159,2
DA:164,1
DA:170,1
DA:174,1
DA:177,1
DA:181,1
DA:185,1
DA:189,1
DA:190,1
DA:191,1
DA:192,2
DA:197,1
DA:202,1
DA:204,1
DA:207,1
DA:208,3
DA:212,2
DA:213,3
DA:214,2
DA:215,3
DA:216,3
DA:217,3
DA:218,1
DA:219,1
DA:220,1
DA:221,1
DA:222,2
DA:226,1
DA:227,1
DA:228,4
DA:229,3
DA:230,4
DA:232,4
DA:233,4
DA:234,1
DA:235,4
DA:237,2
DA:238,1
DA:239,3
DA:240,2
DA:244,1
DA:245,0
DA:246,0
DA:249,1
DA:252,0
DA:253,0
DA:259,2
DA:261,1
DA:267,1
DA:268,1
DA:269,2
DA:270,1
DA:276,1
DA:277,1
DA:280,2
DA:283,3
DA:284,2
DA:288,1
DA:289,1
DA:290,1
DA:291,1
DA:292,1
DA:293,1
DA:294,1
DA:295,2
DA:296,1
DA:298,1
DA:302,1
DA:303,1
DA:304,1
DA:305,3
DA:308,1
DA:309,1
DA:310,1
DA:311,1
DA:312,3
DA:315,1
DA:316,0
DA:317,3
DA:323,1
DA:329,1
DA:330,1
DA:340,1
DA:347,1
DA:348,1
DA:359,1
DA:366,1
DA:367,1
DA:378,1
DA:386,1
DA:387,1
DA:399,1
DA:406,1
DA:407,1
DA:418,1
DA:427,1
DA:428,1
DA:441,1
DA:448,1
DA:449,1
DA:460,1
DA:465,1
DA:466,1
DA:475,1
DA:481,1
DA:482,1
DA:492,1
DA:498,2
DA:502,0
DA:503,0
DA:508,5
DA:513,5
DA:517,5
DA:520,2
DA:521,2
DA:528,1
DA:529,1
DA:531,2
DA:532,1
DA:533,4
DA:534,1
DA:538,4
DA:539,1
DA:541,2
DA:543,3
DA:544,2
DA:545,1
DA:546,2
DA:547,3
DA:548,0
DA:549,0
DA:555,4
DA:556,1
DA:558,2
DA:559,0
DA:564,4
DA:565,1
DA:567,1
DA:568,0
DA:569,0
DA:577,1
DA:578,2
DA:579,2
DA:583,1
DA:585,2
DA:586,1
DA:587,4
DA:588,1
DA:590,1
DA:592,2
DA:593,7
DA:600,1
DA:601,1
DA:602,2
DA:603,1
DA:609,2
DA:613,0
LF:193
LH:180
end_of_record
SF:lib/l10n/app_localizations.dart
DA:65,11
DA:66,22
DA:70,6
DA:71,6
DA:350,1
DA:352,11
DA:354,22
DA:357,11
DA:359,33
DA:361,0
DA:365,11
DA:367,11
DA:368,11
DA:369,11
DA:370,0
DA:371,0
DA:374,0
LF:17
LH:13
end_of_record
SF:lib/l10n/app_localizations_en.dart
DA:9,22
DA:11,0
DA:14,3
DA:17,6
DA:20,1
DA:23,1
DA:26,3
DA:29,0
DA:32,0
DA:35,0
DA:38,0
DA:41,6
DA:44,1
DA:47,1
DA:50,3
DA:53,6
DA:56,6
DA:59,1
DA:62,0
DA:65,0
DA:68,0
DA:71,0
DA:74,0
DA:77,4
DA:80,4
DA:83,0
DA:86,0
DA:89,0
DA:92,0
DA:95,0
DA:98,0
DA:101,0
DA:104,0
DA:107,0
DA:110,0
DA:113,0
DA:116,0
DA:119,0
DA:122,0
DA:125,0
DA:128,0
DA:131,0
LF:42
LH:15
end_of_record
SF:lib/l10n/app_localizations_lv.dart
DA:9,0
DA:11,0
DA:14,0
DA:17,0
DA:20,0
DA:23,0
DA:26,0
DA:29,0
DA:32,0
DA:35,0
DA:38,0
DA:41,0
DA:44,0
DA:47,0
DA:50,0
DA:53,0
DA:56,0
DA:59,0
DA:62,0
DA:65,0
DA:68,0
DA:71,0
DA:74,0
DA:77,0
DA:80,0
DA:83,0
DA:86,0
DA:89,0
DA:92,0
DA:95,0
DA:98,0
DA:101,0
DA:104,0
DA:107,0
DA:110,0
DA:113,0
DA:116,0
DA:119,0
DA:122,0
DA:125,0
DA:128,0
DA:131,0
LF:42
LH:0
end_of_record
SF:lib/features/auth/screens/login_screen.dart
DA:9,1
DA:11,4
DA:12,4
DA:21,4
DA:23,8
DA:24,8
DA:25,4
DA:28,1
DA:29,2
DA:30,1
DA:31,1
DA:33,2
DA:34,1
DA:39,1
DA:40,2
DA:41,1
DA:42,1
DA:44,2
DA:45,1
DA:50,1
DA:51,4
DA:52,3
DA:53,3
DA:54,2
DA:59,1
DA:63,3
DA:64,3
DA:70,1
DA:71,2
DA:73,1
DA:74,1
DA:75,0
DA:76,0
DA:77,0
DA:78,0
DA:79,0
DA:80,0
DA:84,4
DA:86,4
DA:88,4
DA:89,12
DA:90,4
DA:91,1
DA:92,1
DA:94,0
DA:95,1
DA:96,2
DA:97,1
DA:98,3
DA:104,4
DA:106,4
DA:107,4
DA:108,4
DA:110,4
DA:112,4
DA:113,4
DA:114,4
DA:115,4
DA:120,4
DA:126,4
DA:127,4
DA:128,4
DA:129,4
DA:132,4
DA:133,4
DA:134,4
DA:138,1
DA:139,2
DA:140,2
DA:145,4
DA:146,4
DA:148,0
DA:153,4
DA:154,4
DA:155,4
DA:156,4
DA:158,4
DA:159,4
DA:162,8
DA:183,4
DA:185,4
DA:186,2
DA:188,8
DA:192,4
DA:194,4
DA:195,2
DA:197,8
DA:203,4
DA:204,2
DA:205,8
LF:90
LH:82
end_of_record
SF:lib/features/market/providers/market_service_provider.dart
DA:6,1
LF:1
LH:1
end_of_record
SF:lib/shared/widgets/error_dialog.dart
DA:7,1
DA:21,1
DA:29,2
DA:30,2
DA:35,1
DA:38,2
DA:47,1
DA:49,1
DA:50,1
DA:52,1
DA:53,2
DA:54,1
DA:55,2
DA:56,3
DA:57,1
DA:60,1
DA:63,1
DA:64,1
DA:65,1
DA:66,3
DA:67,1
DA:70,3
DA:72,1
DA:74,1
DA:75,2
DA:76,1
DA:77,1
DA:78,2
DA:81,1
DA:82,1
DA:83,2
DA:85,1
DA:86,3
DA:87,3
DA:88,1
DA:98,1
DA:99,2
DA:100,1
DA:101,1
DA:102,2
DA:104,1
DA:105,3
DA:112,1
DA:113,2
DA:114,1
DA:115,1
DA:116,1
DA:117,1
DA:122,1
DA:124,2
DA:130,0
DA:135,0
DA:144,0
DA:149,0
DA:158,0
DA:162,0
DA:165,0
DA:170,0
LF:58
LH:50
end_of_record
SF:lib/features/auth/screens/register_screen.dart
DA:10,1
DA:14,3
DA:15,3
DA:24,3
DA:26,6
DA:27,6
DA:28,6
DA:29,3
DA:32,1
DA:33,3
DA:34,2
DA:35,3
DA:36,2
DA:37,3
DA:41,0
DA:43,0
DA:44,0
DA:45,0
DA:46,0
DA:47,0
DA:48,0
DA:49,0
DA:50,0
DA:54,3
DA:56,3
DA:57,6
DA:59,6
DA:60,2
DA:62,3
DA:63,12
DA:64,3
DA:65,1
DA:66,1
DA:67,1
DA:68,1
DA:69,0
DA:70,0
DA:72,0
DA:75,3
DA:76,3
DA:77,3
DA:79,3
DA:80,3
DA:81,3
DA:83,3
DA:84,3
DA:85,3
DA:86,3
DA:87,6
DA:90,1
DA:91,1
DA:92,1
DA:93,0
DA:95,1
DA:98,1
DA:99,0
DA:105,3
DA:106,3
DA:107,3
DA:108,6
DA:110,1
DA:111,1
DA:112,1
DA:113,0
DA:115,2
DA:116,0
DA:122,3
DA:123,3
DA:124,3
DA:125,6
DA:128,1
DA:130,1
DA:131,0
DA:133,2
DA:134,0
DA:140,3
DA:141,2
DA:148,9
DA:153,3
DA:156,0
DA:157,0
DA:163,3
DA:164,6
DA:168,3
DA:171,0
DA:172,0
DA:178,3
DA:179,6
LF:88
LH:66
end_of_record
SF:lib/features/auth/models/user_profile.dart
DA:17,1
DA:28,0
DA:29,0
DA:31,0
DA:34,0
DA:40,0
DA:41,0
DA:42,0
DA:43,0
DA:44,0
DA:45,0
DA:53,1
DA:63,1
DA:64,1
DA:65,1
DA:66,0
DA:67,1
DA:68,1
DA:69,0
DA:70,1
DA:71,0
DA:76,1
DA:77,2
DA:78,2
DA:79,2
DA:80,2
DA:85,5
DA:94,1
DA:96,0
DA:97,0
DA:99,0
DA:102,3
LF:32
LH:16
end_of_record
SF:lib/features/auth/models/user_profile.g.dart
DA:9,0
DA:10,0
DA:11,0
DA:12,0
DA:13,0
DA:14,0
DA:15,0
DA:16,0
DA:17,0
DA:20,0
DA:21,0
DA:22,0
DA:23,0
DA:24,0
DA:25,0
DA:26,0
DA:27,0
DA:28,0
DA:29,0
DA:32,0
DA:33,0
DA:34,0
DA:37,0
DA:38,0
DA:39,0
DA:40,0
LF:26
LH:0
end_of_record
SF:lib/core/routing/protected_route.dart
DA:8,2
DA:12,2
DA:14,2
DA:15,2
DA:17,2
DA:24,2
DA:29,1
LF:7
LH:7
end_of_record
SF:lib/core/routing/app_router.dart
DA:11,3
DA:13,1
DA:14,1
DA:17,0
DA:19,1
DA:22,1
DA:24,1
DA:27,3
DA:35,1
DA:37,0
DA:39,0
DA:40,0
DA:41,0
DA:43,0
DA:44,0
DA:46,0
DA:47,0
DA:49,0
DA:50,0
DA:51,0
DA:56,0
DA:57,0
DA:59,0
DA:66,0
DA:68,0
DA:69,0
DA:71,0
DA:73,0
DA:74,0
DA:75,0
DA:76,0
LF:31
LH:8
end_of_record
