SF:lib/core/config/app_config.dart
DA:7,1
DA:9,0
DA:10,0
DA:42,8
DA:62,0
DA:63,0
DA:122,0
DA:127,8
DA:128,8
DA:129,8
DA:130,8
DA:131,1
DA:136,8
DA:137,16
DA:138,8
DA:139,8
DA:143,8
DA:144,8
DA:145,8
DA:146,8
DA:147,8
DA:148,8
DA:149,8
DA:150,8
DA:151,8
DA:152,8
DA:153,8
DA:154,16
DA:156,0
DA:157,16
DA:159,0
DA:160,16
DA:162,0
DA:163,8
DA:164,8
LF:35
LH:27
end_of_record
SF:lib/core/blockchain/icp_service.dart
DA:11,6
DA:19,0
DA:20,0
DA:21,0
DA:22,0
DA:23,0
DA:24,0
DA:36,6
DA:44,6
DA:46,12
DA:47,12
DA:48,12
DA:49,12
DA:50,6
DA:53,2
DA:54,2
DA:55,2
DA:56,2
DA:58,4
DA:62,4
DA:63,4
DA:65,0
DA:69,4
DA:75,8
DA:77,8
DA:78,2
DA:79,2
DA:84,4
DA:88,4
DA:93,8
DA:98,1
DA:103,2
DA:105,1
DA:106,0
DA:108,2
DA:110,0
DA:111,0
DA:112,0
DA:117,0
DA:120,1
DA:123,1
DA:125,2
DA:130,0
DA:134,0
DA:136,0
DA:141,2
DA:144,2
DA:146,4
DA:147,6
DA:149,4
LF:50
LH:35
end_of_record
SF:lib/core/blockchain/errors.dart
DA:9,6
DA:11,12
DA:12,2
DA:14,12
DA:15,0
DA:17,12
DA:18,2
DA:25,0
DA:34,1
DA:36,1
DA:39,1
DA:42,1
DA:43,1
DA:44,1
DA:49,2
DA:50,1
DA:51,1
DA:52,1
DA:55,2
DA:58,1
DA:59,1
LF:21
LH:19
end_of_record
SF:lib/features/auth/cubit/auth_state.dart
DA:4,5
DA:13,5
DA:17,5
DA:21,5
DA:26,1
LF:5
LH:5
end_of_record
SF:lib/features/auth/cubit/auth_cubit.dart
DA:9,5
DA:11,10
DA:15,5
DA:20,10
DA:21,10
DA:22,10
DA:27,5
DA:28,15
DA:30,0
DA:34,2
DA:38,4
DA:39,4
DA:40,4
DA:44,2
DA:45,6
DA:47,3
DA:51,0
DA:52,0
LF:18
LH:15
end_of_record
SF:lib/features/auth/providers/auth_service_provider.dart
DA:25,4
DA:27,3
DA:33,6
DA:40,1
DA:45,2
DA:48,0
DA:52,0
LF:7
LH:5
end_of_record
SF:lib/core/i18n/locale_controller.dart
DA:11,8
DA:12,3
DA:14,5
DA:15,5
DA:18,5
DA:19,5
DA:20,1
DA:21,1
DA:22,3
DA:25,1
DA:26,2
DA:27,1
DA:29,1
DA:31,2
LF:14
LH:14
end_of_record
SF:lib/features/market/providers/market_service_provider.dart
DA:6,1
LF:1
LH:1
end_of_record
SF:lib/features/auth/screens/register_screen.dart
DA:9,3
DA:13,4
DA:14,4
DA:23,4
DA:25,8
DA:26,8
DA:27,8
DA:28,4
DA:31,4
DA:32,12
DA:33,8
DA:34,12
DA:35,8
DA:36,12
DA:40,0
DA:42,0
DA:43,0
DA:44,0
DA:45,0
DA:46,0
DA:47,0
DA:48,0
DA:49,0
DA:53,4
DA:55,4
DA:56,8
DA:58,8
DA:59,3
DA:61,4
DA:62,16
DA:63,4
DA:64,4
DA:65,4
DA:66,4
DA:69,4
DA:71,4
DA:72,0
DA:73,0
DA:75,0
DA:78,4
DA:79,4
DA:80,4
DA:82,4
DA:83,4
DA:84,4
DA:86,4
DA:87,4
DA:88,4
DA:89,4
DA:90,8
DA:93,4
DA:94,4
DA:95,4
DA:96,0
DA:98,4
DA:101,4
DA:102,0
DA:108,4
DA:109,4
DA:110,4
DA:111,8
DA:113,4
DA:114,4
DA:115,4
DA:116,0
DA:118,8
DA:119,0
DA:125,4
DA:126,4
DA:127,4
DA:128,8
DA:131,4
DA:133,4
DA:134,0
DA:136,8
DA:137,0
DA:143,4
DA:144,8
DA:151,12
DA:156,4
DA:159,1
DA:160,2
DA:166,4
DA:167,8
DA:171,4
DA:174,0
DA:175,0
DA:181,4
DA:182,8
LF:89
LH:69
end_of_record
SF:lib/l10n/app_localizations.dart
DA:65,5
DA:66,10
DA:70,5
DA:71,5
DA:332,2
DA:334,5
DA:336,10
DA:339,5
DA:341,15
DA:343,0
DA:347,5
DA:349,5
DA:350,5
DA:351,5
DA:352,0
DA:353,0
DA:356,0
LF:17
LH:13
end_of_record
SF:lib/l10n/app_localizations_en.dart
DA:9,10
DA:11,4
DA:14,4
DA:17,4
DA:20,0
DA:23,0
DA:26,4
DA:29,0
DA:32,0
DA:35,0
DA:38,0
DA:41,4
DA:44,0
DA:47,0
DA:50,4
DA:53,4
DA:56,4
DA:59,0
DA:62,0
DA:65,0
DA:68,0
DA:71,0
DA:74,3
DA:77,4
DA:80,4
DA:83,0
DA:86,0
DA:89,0
DA:92,0
DA:95,0
DA:98,0
DA:101,0
DA:104,0
DA:107,0
DA:110,0
DA:113,0
DA:116,0
DA:119,0
DA:122,0
LF:39
LH:12
end_of_record
SF:lib/l10n/app_localizations_lv.dart
DA:9,0
DA:11,0
DA:14,0
DA:17,0
DA:20,0
DA:23,0
DA:26,0
DA:29,0
DA:32,0
DA:35,0
DA:38,0
DA:41,0
DA:44,0
DA:47,0
DA:50,0
DA:53,0
DA:56,0
DA:59,0
DA:62,0
DA:65,0
DA:68,0
DA:71,0
DA:74,0
DA:77,0
DA:80,0
DA:83,0
DA:86,0
DA:89,0
DA:92,0
DA:95,0
DA:98,0
DA:101,0
DA:104,0
DA:107,0
DA:110,0
DA:113,0
DA:116,0
DA:119,0
DA:122,0
LF:39
LH:0
end_of_record
SF:lib/main.dart
DA:12,0
DA:13,0
DA:15,0
DA:16,0
DA:17,0
DA:18,0
DA:19,0
DA:20,0
DA:21,0
DA:23,0
DA:24,0
DA:26,0
DA:27,0
DA:33,0
DA:34,0
DA:39,2
DA:41,4
DA:43,4
DA:44,4
DA:45,4
DA:46,4
DA:47,4
DA:49,12
DA:50,4
DA:51,4
DA:56,4
DA:57,4
DA:58,3
DA:59,3
DA:68,0
DA:72,0
DA:74,0
DA:75,0
DA:76,0
DA:77,0
DA:79,0
DA:86,2
DA:88,4
DA:90,4
DA:91,4
DA:92,12
DA:93,4
DA:94,4
DA:96,0
DA:98,0
DA:99,0
DA:100,0
DA:102,0
DA:104,0
DA:106,0
DA:108,0
DA:110,0
DA:116,4
DA:117,4
DA:119,4
DA:122,4
DA:123,6
DA:124,12
DA:136,2
DA:138,3
DA:140,9
DA:142,3
DA:143,7
DA:145,3
DA:146,12
DA:147,3
DA:148,3
DA:150,3
DA:152,1
DA:154,2
LF:70
LH:39
end_of_record
SF:lib/features/auth/models/user_profile.dart
DA:17,1
DA:28,0
DA:29,0
DA:31,0
DA:34,0
DA:40,0
DA:41,0
DA:42,0
DA:43,0
DA:44,0
DA:45,0
DA:53,1
DA:63,1
DA:64,1
DA:65,1
DA:66,0
DA:67,1
DA:68,1
DA:69,0
DA:70,1
DA:71,0
DA:76,1
DA:77,2
DA:78,2
DA:79,2
DA:80,2
DA:85,5
DA:94,1
DA:96,0
DA:97,0
DA:99,0
DA:102,3
LF:32
LH:16
end_of_record
SF:lib/features/auth/models/user_profile.g.dart
DA:9,0
DA:10,0
DA:11,0
DA:12,0
DA:13,0
DA:14,0
DA:15,0
DA:16,0
DA:17,0
DA:20,0
DA:21,0
DA:22,0
DA:23,0
DA:24,0
DA:25,0
DA:26,0
DA:27,0
DA:28,0
DA:29,0
DA:32,0
DA:33,0
DA:34,0
DA:37,0
DA:38,0
DA:39,0
DA:40,0
LF:26
LH:0
end_of_record
